<?xml version="1.0" encoding="UTF-8" ?>
<testsuite errors="0" failures="0" hostname="Tomogara.local" name="house.neko.media.itunes.ITunesMediaLibraryXMLFileTest" tests="2" time="0.287" timestamp="2009-08-02T23:08:52">
  <properties>
[...]
</properties>
  <testcase classname="house.neko.media.itunes.ITunesMediaLibraryXMLFileTest" name="testURLConversion" time="0.123" />
  <testcase classname="house.neko.media.itunes.ITunesMediaLibraryXMLFileTest" name="testMimeTypeGetter" time="0.098" />
  <system-out><![CDATA[Initializing configuration
Converting 'file://localhost/Music/Compilations/Garage%20Inc.%20%5BDisc%201%5D/1-04%20Turn%20The%20Page.m4a' to 'file:///Music/Compilations/Garage%20Inc.%20%5BDisc%201%5D/1-04%20Turn%20The%20Page.m4a'
Converting 'file://localhost/Music/Brent%20Unkbelt/Unknown%20Album/World%20War.mp3' to 'file:///Music/Brent%20Unkbelt/Unknown%20Album/World%20War.mp3'
Got mime type 'audio:x-m4a:m4a' from url 'file://localhost/Music/Compilations/Garage%20Inc.%20%5BDisc%201%5D/1-04%20Turn%20The%20Page.m4a'
Got mime type 'audio:mpeg:mp3' from url 'file://localhost/Music/Brent%20Unkbelt/Unknown%20Album/World%20War.mp3'
]]></system-out>
  <system-err><![CDATA[[INFO] DatabaseDataStore - Using driver PostgreSQL Native Driver version PostgreSQL 8.4 JDBC3 (build 701)
[INFO] DatabaseDataStore - Connected to PostgreSQL version 8.4.0
]]></system-err>
</testsuite>
